<?xml version="1.0" encoding="UTF-8"?>
<!-- Generated by org.testng.reporters.JUnitReportReporter -->
<testsuite hostname="Nick-Shutkovs-MacBook-Air.local" name="com.setngo.auth.registrationTest" tests="1" failures="0" timestamp="1 Aug 2015 21:05:42 GMT" time="49.902" errors="0">
  <testcase name="registrationHappyPathTest" time="49.902" classname="com.setngo.auth.registrationTest"/>
</testsuite> <!-- com.setngo.auth.registrationTest -->
