<?xml version="1.0" encoding="UTF-8"?>
<!-- Generated by org.testng.reporters.JUnitReportReporter -->
<testsuite hostname="Jack-Chirkovs-MacBook-Pro.local" name="com.setngo.auth.registrationTest" tests="1" failures="0" timestamp="1 Sep 2015 04:08:03 GMT" time="23.274" errors="0">
  <testcase name="registrationHappyPathTest" time="23.274" classname="com.setngo.auth.registrationTest"/>
</testsuite> <!-- com.setngo.auth.registrationTest -->
